<?xml version="1.0" encoding="UTF-8"?>
<!-- Generated by org.testng.reporters.JUnitXMLReporter -->
<testsuite hostname="LAPTOP-IEC02OB8" name="BankingApp Test" tests="1" failures="1" timestamp="13 Dec 2019 10:27:06 GMT" time="18.671" errors="0">
  <testcase name="loginTest" time="2.236" classname="com.internetbanking.testcases.Tcc01_logintest">
    <failure type="java.lang.AssertionError" message="expected [true] but found [false]">
      <![CDATA[java.lang.AssertionError: expected [true] but found [false]
	at com.internetbanking.testcases.Tcc01_logintest.loginTest(Tcc01_logintest.java:33)
... Removed 28 stack frames]]>
    </failure>
  </testcase> <!-- loginTest -->
</testsuite> <!-- BankingApp Test -->
